[Bot][27.01.21 19:11:54]: Screening for:
 [m10362] Pink Floyd - The Dark Side Of The Moon (1973)
 [m10362] Pink Floyd - The Dark Side Of The Moon (1973)
[Bot][27.01.21 19:12:05]: Terminating service.
[Bot][27.01.21 19:57:34]: Screening for:
 [m10362] Pink Floyd - The Dark Side Of The Moon (1973)
 [m10362] Pink Floyd - The Dark Side Of The Moon (1973)
[Bot][27.01.21 19:57:36]: Terminating service.
[Bot][27.01.21 19:59:31]: Screening for:
 [m10362] Pink Floyd - The Dark Side Of The Moon (1973)
 [m10362] Pink Floyd - The Dark Side Of The Moon (1973)
[Bot][27.01.21 19:59:35]: Terminating service.
[Bot][27.01.21 20:01:45]: Screening for:
 [SHVL 804, 1E 064 o 05249] Pink Floyd - The Dark Side Of The Moon (1973)
[Bot][27.01.21 20:01:48]: Terminating service.
[Bot][27.01.21 20:02:01]: Screening for:
 [SHVL 804, 1E 064 o 05249] Pink Floyd - The Dark Side Of The Moon (1973)
[Bot][27.01.21 20:02:06]: Terminating service.
[Bot][27.01.21 20:02:59]: Screening for:
 [SHVL 804, 1E 064 o 05249] Pink Floyd - The Dark Side Of The Moon (1973)
[Bot][27.01.21 20:03:01]: Terminating service.
[Bot][27.01.21 20:09:12]: Screening for:
 [SHVL 804, 1E 064 o 05249] Pink Floyd - The Dark Side Of The Moon (1973)
 [HCR-13] Dropdead - Rapture (1992)
[Bot][27.01.21 20:09:30]: Terminating service.
[Bot][27.01.21 20:12:08]: Screening for:
 [SHVL 804, 1E 064 o 05249] Pink Floyd - The Dark Side Of The Moon (1973)
 [HCR-13] Dropdead - Rapture (1992)
[Bot][27.01.21 20:12:22]: Terminating service.
[Bot][27.01.21 20:20:12]: Screening for:
 [SHVL 804, 1E 064 o 05249] Pink Floyd - The Dark Side Of The Moon (1973)
 [HCR-13] Dropdead - Rapture (1992)
[Bot][27.01.21 20:20:17]: Terminating service.
[Bot][27.01.21 20:20:30]: Screening for:
 [SHVL 804, 1E 064 o 05249] Pink Floyd - The Dark Side Of The Moon (1973)
 [HCR-13] Dropdead - Rapture (1992)
[Bot][27.01.21 20:20:34]: Terminating service.
[Bot][27.01.21 20:21:18]: Screening for:
 [SHVL 804, 1E 064 o 05249] Pink Floyd - The Dark Side Of The Moon (1973)
 [HCR-13] Dropdead - Rapture (1992)
[Bot][27.01.21 20:21:24]: Terminating service.
[Bot][27.01.21 20:42:11]: Screening for:
 [SHVL 804, 1E 064 o 05249] Pink Floyd - The Dark Side Of The Moon (1973)
 [HCR-13] Dropdead - Rapture (1992)
[Bot][27.01.21 20:42:39]: Terminating service.
[Bot][27.01.21 20:46:24]: Screening for:
 [SHVL 804, 1E 064 o 05249] Pink Floyd - The Dark Side Of The Moon (1973)
 [HCR-13] Dropdead - Rapture (1992)
[error][27.01.21 20:46:27]: something went wrong ...
[Bot][27.01.21 20:47:24]: Screening for:
 [SHVL 804, 1E 064 o 05249] Pink Floyd - The Dark Side Of The Moon (1973)
 [HCR-13] Dropdead - Rapture (1992)
[Bot][27.01.21 20:47:37]: Terminating service.
[Bot][27.01.21 20:48:41]: Screening for:
 [SHVL 804, 1E 064 o 05249] Pink Floyd - The Dark Side Of The Moon (1973)
 [HCR-13] Dropdead - Rapture (1992)
[Bot][27.01.21 20:48:59]: Terminating service.
[Bot][27.01.21 20:51:09]: Screening for:
 [SHVL 804, 1E 064 o 05249] Pink Floyd - The Dark Side Of The Moon (1973)
 [HCR-13] Dropdead - Rapture (1992)
[Bot][27.01.21 20:51:36]: Terminating service.
[Bot][27.01.21 20:53:55]: Screening for:
 [SHVL 804, 1E 064 o 05249] Pink Floyd - The Dark Side Of The Moon (1973)
 [HCR-13] Dropdead - Rapture (1992)
[Bot][27.01.21 20:54:05]:   Changes:
[0;32m   up to date.[0m
[Bot][27.01.21 20:54:11]: Terminating service.
[Bot][27.01.21 20:55:03]: Screening for:
 [SHVL 804, 1E 064 o 05249] Pink Floyd - The Dark Side Of The Moon (1973)
 [HCR-13] Dropdead - Rapture (1992)
[Bot][27.01.21 20:55:23]:   Changes:
[error][27.01.21 20:55:23]: something went wrong ...
[Bot][27.01.21 20:56:43]: Screening for:
 [SHVL 804, 1E 064 o 05249] Pink Floyd - The Dark Side Of The Moon (1973)
 [HCR-13] Dropdead - Rapture (1992)
[Bot][27.01.21 20:56:56]:   Changes:
[0;32m   up to date.[0m
[Bot][27.01.21 20:57:00]: Terminating service.
[Bot][27.01.21 20:57:37]: Screening for:
 [SHVL 804, 1E 064 o 05249] Pink Floyd - The Dark Side Of The Moon (1973)
 [HCR-13] Dropdead - Rapture (1992)
[Bot][27.01.21 20:57:53]: 
  Changes:
   [SHVL 804, 1E 064 o 05249]: [0;33m 14[0m
   [HCR-13]: [0;33m 300[0m
[Bot][27.01.21 20:59:04]: 
  Changes:
[0;32m   up to date.[0m
[Bot][27.01.21 20:59:52]: Terminating service.
[Bot][27.01.21 20:59:55]: Screening for:
 [SHVL 804, 1E 064 o 05249] Pink Floyd - The Dark Side Of The Moon (1973)
 [HCR-13] Dropdead - Rapture (1992)
[Bot][27.01.21 20:59:59]: Terminating service.
[Bot][27.01.21 21:01:12]: Screening for:
 [SHVL 804, 1E 064 o 05249] Pink Floyd - The Dark Side Of The Moon (1973)
 [HCR-13] Dropdead - Rapture (1992)
[Bot][27.01.21 21:01:22]: 
  Changes:
   [SHVL 804, 1E 064 o 05249]: [0;33m 14[0m
   [HCR-13]: [0;33m 300[0m
[Bot][27.01.21 21:02:36]: 
  Changes:
[0;32m   up to date.[0m
[Bot][27.01.21 21:03:50]: 
  Changes:
[0;32m   up to date.[0m
[Bot][27.01.21 21:05:07]: 
  Changes:
[0;32m   up to date.[0m
[Bot][27.01.21 21:05:09]: Terminating service.
[Bot][27.01.21 21:35:09]: Screening for:
 [SHVL 804, 1E 064 o 05249] Pink Floyd - The Dark Side Of The Moon (1973)
 [HCR-13] Dropdead - Rapture (1992)
[Bot][27.01.21 21:35:22]: 
  Changes:
   [SHVL 804, 1E 064 o 05249]: [0;33m 14[0m
   [HCR-13]: [0;33m 300[0m
[error][27.01.21 21:35:22]: something went wrong ...
[Bot][27.01.21 21:39:03]: Screening for:
 [SHVL 804, 1E 064 o 05249] Pink Floyd - The Dark Side Of The Moon (1973)
 [HCR-13] Dropdead - Rapture (1992)
[Bot][27.01.21 21:39:14]: 
  Changes:
   [SHVL 804, 1E 064 o 05249]: [0;33m 14[0m
   [HCR-13]: [0;33m 300[0m
[Bot][27.01.21 21:40:27]: 
  Changes:
[0;32m   up to date.[0m
[Bot][27.01.21 21:40:40]: Terminating service.
[Bot][27.01.21 21:40:53]: Screening for:
 [SHVL 804, 1E 064 o 05249] Pink Floyd - The Dark Side Of The Moon (1973)
 [HCR-13] Dropdead - Rapture (1992)
[Bot][27.01.21 21:41:03]: 
  Changes:
   [SHVL 804, 1E 064 o 05249]: [0;33m 14[0m
   [HCR-13]: [0;33m 300[0m
[Bot][27.01.21 21:41:08]: Terminating service.
[Bot][27.01.21 22:35:45]: Screening for:
 [SHVL 804, 1E 064 o 05249] Pink Floyd - The Dark Side Of The Moon (1973)
 [HCR-13] Dropdead - Rapture (1992)
[Bot][27.01.21 22:36:00]: 
  Changes:
[0;32m   up to date.[0m
[Bot][27.01.21 22:37:12]: 
  Changes:
[0;32m   up to date.[0m
[Bot][27.01.21 22:37:12]: Terminating service.
[Bot][27.01.21 22:39:35]: Screening for:
 [SHVL 804, 1E 064 o 05249] Pink Floyd - The Dark Side Of The Moon (1973)
 [HCR-13] Dropdead - Rapture (1992)
